{
  "stats": {
    "suites": 1,
    "tests": 3,
    "passes": 1,
    "pending": 0,
    "failures": 2,
    "start": "2025-06-03T08:18:29.000Z",
    "end": "2025-06-03T08:21:07.074Z",
    "duration": 158074,
    "testsRegistered": 3,
    "passPercent": 33.33333333333333,
    "pendingPercent": 0,
    "other": 0,
    "hasOther": false,
    "skipped": 0,
    "hasSkipped": false
  },
  "results": [
    {
      "uuid": "4cdb902e-5b3a-4888-945f-2df69f96ab91",
      "title": "",
      "fullFile": "cypress\\e2e\\e2e-final-revamp.cy.js",
      "file": "cypress\\e2e\\e2e-final-revamp.cy.js",
      "beforeHooks": [],
      "afterHooks": [],
      "tests": [],
      "suites": [
        {
          "uuid": "3d675b26-5664-4030-9d59-a9c15649f047",
          "title": "FInal Project",
          "fullFile": "",
          "file": "",
          "beforeHooks": [],
          "afterHooks": [],
          "tests": [
            {
              "title": "youtube search",
              "fullTitle": "FInal Project youtube search",
              "timedOut": null,
              "duration": 24050,
              "state": "failed",
              "speed": null,
              "pass": false,
              "fail": true,
              "pending": false,
              "context": null,
              "code": "cy.visit(Cypress.env(`BASE_URL_YOUTUBE`));\nyoutube.goToTrending();\nyoutube.listMenuTrendingMovies();\ncy.wait(5000);\nyoutube.goToTrendingMovies();\nyoutube.assertionPage();",
              "err": {
                "message": "CypressError: `cy.click()` can only be called on a single element. Your subject contained 2 elements. Pass `{ multiple: true }` if you want to serially click each element.\n\nhttps://on.cypress.io/click",
                "estack": "CypressError: `cy.click()` can only be called on a single element. Your subject contained 2 elements. Pass `{ multiple: true }` if you want to serially click each element.\n\nhttps://on.cypress.io/click\n    at mouseAction (https://www.youtube.com/__cypress/runner/cypress_runner.js:113607:68)\n    at Context.click (https://www.youtube.com/__cypress/runner/cypress_runner.js:113774:14)\n    at wrapped (https://www.youtube.com/__cypress/runner/cypress_runner.js:141133:19)\nFrom Your Spec Code:\n    at Object.proxyGetter [as get] (https://www.youtube.com/__cypress/runner/cypress_runner.js:79924:22)\n    at exists (https://www.youtube.com/__cypress/runner/cypress_runner.js:145988:26)\n    at elExists (https://www.youtube.com/__cypress/runner/cypress_runner.js:146003:10)\n    at ensureExistence (https://www.youtube.com/__cypress/runner/cypress_runner.js:146184:22)\n    at onFailFn (https://www.youtube.com/__cypress/runner/cypress_runner.js:146213:53)",
                "diff": null
              },
              "uuid": "0741fae3-1610-45d0-a8b2-ad9286f138e6",
              "parentUUID": "3d675b26-5664-4030-9d59-a9c15649f047",
              "isHook": false,
              "skipped": false
            },
            {
              "title": "Filter sort by price High to Low items Chair with AmazonDotCom",
              "fullTitle": "FInal Project Filter sort by price High to Low items Chair with AmazonDotCom",
              "timedOut": null,
              "duration": 34751,
              "state": "failed",
              "speed": null,
              "pass": false,
              "fail": true,
              "pending": false,
              "context": null,
              "code": "cy.visit(Cypress.env('BASE_URL_AMAZON'));\ncy.wait(5000);\namazon.searchItems();\ncy.wait(5000);\namazon.sortFeatureItems();\namazon.selectItems();\namazon.assertionPage();",
              "err": {
                "message": "AssertionError: Timed out retrying after 10000ms: Expected to find element: `//h1[@id='title']//span[@id='productTitle']`, but never found it.",
                "estack": "AssertionError: Timed out retrying after 10000ms: Expected to find element: `//h1[@id='title']//span[@id='productTitle']`, but never found it.\n    at filterItemsPage.assertionPage (webpack://Automation-final-project/./cypress/support/page-object/amazon/filterItemsPage.js:19:64)\n    at Context.eval (webpack://Automation-final-project/./cypress/e2e/e2e-final-revamp.cy.js:29:15)",
                "diff": null
              },
              "uuid": "6df7dbbd-9b14-4337-898a-c8674aa78ef3",
              "parentUUID": "3d675b26-5664-4030-9d59-a9c15649f047",
              "isHook": false,
              "skipped": false
            },
            {
              "title": "Order Ticket flight with AgodaDotCom",
              "fullTitle": "FInal Project Order Ticket flight with AgodaDotCom",
              "timedOut": null,
              "duration": 86464,
              "state": "passed",
              "speed": "slow",
              "pass": true,
              "fail": false,
              "pending": false,
              "context": null,
              "code": "// cy.visit(Cypress.env(`BASE_URL_AGODA`));\ncy.visit('https://www.agoda.com/id-id/');\nagoda.tablist();\nagoda.formBooking({});\nagoda.filterData();\ncy.wait(5000);\nagoda.selectFlight();\ncy.wait(2000);\nagoda.contactInformation({});\n// form passenger\nagoda.formPassenger({});\ncy.wait(10000);\n// lanjut add on\n// cy.get('[data-testid=\"kite-box\"] > :nth-child(1) > .a5d86-bg-product-primary').click();\ncy.xpath(`//button[@data-component=\"flight-continue-to-addOns-button\"]`).click();\ncy.wait(5000);\n// cy.xpath(`//div[@data-testid=\"add-on-radio-select-TRIP_PROTECTION\"]//div[@tabindex=\"0\"]`).click();\ncy.xpath(`//div[@data-testid=\"radio-button-option-no\"]`).click();\ncy.xpath(`//button[@data-testid=\"continue-to-payment-button\"]`).click();",
              "err": {},
              "uuid": "b4721b2d-c7bf-442b-99f3-cbead07d6acf",
              "parentUUID": "3d675b26-5664-4030-9d59-a9c15649f047",
              "isHook": false,
              "skipped": false
            }
          ],
          "suites": [],
          "passes": [
            "b4721b2d-c7bf-442b-99f3-cbead07d6acf"
          ],
          "failures": [
            "0741fae3-1610-45d0-a8b2-ad9286f138e6",
            "6df7dbbd-9b14-4337-898a-c8674aa78ef3"
          ],
          "pending": [],
          "skipped": [],
          "duration": 145265,
          "root": false,
          "rootEmpty": false,
          "_timeout": 2000
        }
      ],
      "passes": [],
      "failures": [],
      "pending": [],
      "skipped": [],
      "duration": 0,
      "root": true,
      "rootEmpty": true,
      "_timeout": 2000
    }
  ],
  "meta": {
    "mocha": {
      "version": "7.2.0"
    },
    "mochawesome": {
      "options": {
        "quiet": false,
        "reportFilename": "mochawesome",
        "saveHtml": false,
        "saveJson": true,
        "consoleReporter": "spec",
        "useInlineDiffs": false,
        "code": true
      },
      "version": "7.1.3"
    },
    "marge": {
      "options": {
        "reportDir": "cypress/reports",
        "overwrite": false,
        "html": false,
        "json": true
      },
      "version": "6.2.0"
    }
  }
}