{
  "stats": {
    "suites": 1,
    "tests": 3,
    "passes": 3,
    "pending": 0,
    "failures": 0,
    "start": "2025-06-09T04:17:27.133Z",
    "end": "2025-06-09T04:20:43.840Z",
    "duration": 196707,
    "testsRegistered": 3,
    "passPercent": 100,
    "pendingPercent": 0,
    "other": 0,
    "hasOther": false,
    "skipped": 0,
    "hasSkipped": false
  },
  "results": [
    {
      "uuid": "3891c77c-6c60-4568-80cc-9ed554edf238",
      "title": "",
      "fullFile": "cypress\\e2e\\e2e-final-revamp.cy.js",
      "file": "cypress\\e2e\\e2e-final-revamp.cy.js",
      "beforeHooks": [],
      "afterHooks": [],
      "tests": [],
      "suites": [
        {
          "uuid": "fa564208-4786-49a3-81aa-f2da3fc1d928",
          "title": "FInal Project",
          "fullFile": "",
          "file": "",
          "beforeHooks": [],
          "afterHooks": [],
          "tests": [
            {
              "title": "youtube search Trending",
              "fullTitle": "FInal Project youtube search Trending",
              "timedOut": null,
              "duration": 24946,
              "state": "passed",
              "speed": "slow",
              "pass": true,
              "fail": false,
              "pending": false,
              "context": null,
              "code": "cy.visit(Cypress.env(`BASE_URL_YOUTUBE`));\nyoutube.goToTrending();\nyoutube.listMenuTrendingMovies();\n// cy.wait(5000);\nyoutube.goToTrendingMovies();\nyoutube.assertionPage();",
              "err": {},
              "uuid": "d7b68f09-e26c-4a9d-9870-6a625c8c39d5",
              "parentUUID": "fa564208-4786-49a3-81aa-f2da3fc1d928",
              "isHook": false,
              "skipped": false
            },
            {
              "title": "Filter sort by price High to Low items Chair with AmazonDotCom",
              "fullTitle": "FInal Project Filter sort by price High to Low items Chair with AmazonDotCom",
              "timedOut": null,
              "duration": 32578,
              "state": "passed",
              "speed": "slow",
              "pass": true,
              "fail": false,
              "pending": false,
              "context": null,
              "code": "cy.visit(Cypress.env('BASE_URL_AMAZON'));\n// cy.wait(5000);\namazon.searchItems();\n// cy.wait(5000);\namazon.sortFeatureItems();\namazon.selectItems();\namazon.assertionPage();",
              "err": {},
              "uuid": "999817d1-85ea-453c-90a7-5639cac79411",
              "parentUUID": "fa564208-4786-49a3-81aa-f2da3fc1d928",
              "isHook": false,
              "skipped": false
            },
            {
              "title": "Order Ticket flight with AgodaDotCom",
              "fullTitle": "FInal Project Order Ticket flight with AgodaDotCom",
              "timedOut": null,
              "duration": 122761,
              "state": "passed",
              "speed": "slow",
              "pass": true,
              "fail": false,
              "pending": false,
              "context": null,
              "code": "// cy.visit('https://www.agoda.com/id-id/');\ncy.visit(Cypress.env('BASE_URL_AGODA'));\nagoda.tablist();\nagoda.formBooking({});\nagoda.filterData();\n// cy.wait(5000);\nagoda.selectFlight();\n// cy.wait(2000);        \nagoda.contactInformation({});\n// form passenger\nagoda.formPassenger({});\ncy.get(\"body\").then($body => {\n  if ($body.find('input[data-testid=\"flight.forms.i0.units.i0.passportNumber\"]').length > 0) {\n    agoda.formPassport({});\n  } else {\n    cy.log('Skip aja form passport');\n  }\n});\n// cy.wait(10000);\n// lanjut add on\nagoda.addOn();\n// cek dulu apa ada element pop up\ncy.get('body').then($body => {\n  const xpath = \"//button[@aria-label='close']\";\n  const result = document.evaluate(xpath, $body[0], null, XPathResult.FIRST_ORDERED_NODE_TYPE, null);\n  const closeBtn = result.singleNodeValue;\n  if (closeBtn) {\n    cy.wrap(closeBtn).click(); // klik kalau ada\n  } else {\n    cy.log('Tidak ada tombol close, lanjutkan saja');\n  }\n});\ncy.wait(10000);\nagoda.pagePaymentAssertion();",
              "err": {},
              "uuid": "52955589-486e-4a82-b60a-f83d80ab7616",
              "parentUUID": "fa564208-4786-49a3-81aa-f2da3fc1d928",
              "isHook": false,
              "skipped": false
            }
          ],
          "suites": [],
          "passes": [
            "d7b68f09-e26c-4a9d-9870-6a625c8c39d5",
            "999817d1-85ea-453c-90a7-5639cac79411",
            "52955589-486e-4a82-b60a-f83d80ab7616"
          ],
          "failures": [],
          "pending": [],
          "skipped": [],
          "duration": 180285,
          "root": false,
          "rootEmpty": false,
          "_timeout": 2000
        }
      ],
      "passes": [],
      "failures": [],
      "pending": [],
      "skipped": [],
      "duration": 0,
      "root": true,
      "rootEmpty": true,
      "_timeout": 2000
    }
  ],
  "meta": {
    "mocha": {
      "version": "7.2.0"
    },
    "mochawesome": {
      "options": {
        "quiet": false,
        "reportFilename": "mochawesome",
        "saveHtml": true,
        "saveJson": true,
        "consoleReporter": "spec",
        "useInlineDiffs": false,
        "code": true
      },
      "version": "7.1.3"
    },
    "marge": {
      "options": {
        "reportDir": "cypress/reports"
      },
      "version": "6.2.0"
    }
  }
}