{
  "stats": {
    "suites": 1,
    "tests": 2,
    "passes": 0,
    "pending": 2,
    "failures": 0,
    "start": "2025-06-04T04:00:26.283Z",
    "end": "2025-06-04T04:00:53.233Z",
    "duration": 26950,
    "testsRegistered": 3,
    "passPercent": 0,
    "pendingPercent": 66.66666666666666,
    "other": 1,
    "hasOther": true,
    "skipped": 0,
    "hasSkipped": false
  },
  "results": [
    {
      "uuid": "cdf5a567-2b27-4288-afde-c45c68384130",
      "title": "",
      "fullFile": "cypress\\e2e\\e2e-final-revamp.cy.js",
      "file": "cypress\\e2e\\e2e-final-revamp.cy.js",
      "beforeHooks": [],
      "afterHooks": [],
      "tests": [],
      "suites": [
        {
          "uuid": "a7e70b17-a290-4bf4-bea0-e4d418952720",
          "title": "FInal Project",
          "fullFile": "",
          "file": "",
          "beforeHooks": [],
          "afterHooks": [],
          "tests": [
            {
              "title": "youtube search",
              "fullTitle": "FInal Project youtube search",
              "timedOut": null,
              "duration": 22621,
              "state": "failed",
              "speed": null,
              "pass": false,
              "fail": true,
              "pending": false,
              "context": null,
              "code": "cy.visit(Cypress.env(`BASE_URL_YOUTUBE`));\nyoutube.goToTrending();\nyoutube.listMenuTrendingMovies();\ncy.wait(5000);\nyoutube.goToTrendingMovies();\nyoutube.assertionPage();",
              "err": {
                "message": "CypressError: `cy.click()` can only be called on a single element. Your subject contained 3 elements. Pass `{ multiple: true }` if you want to serially click each element.\n\nhttps://on.cypress.io/click",
                "estack": "CypressError: `cy.click()` can only be called on a single element. Your subject contained 3 elements. Pass `{ multiple: true }` if you want to serially click each element.\n\nhttps://on.cypress.io/click\n    at mouseAction (https://www.youtube.com/__cypress/runner/cypress_runner.js:113607:68)\n    at Context.click (https://www.youtube.com/__cypress/runner/cypress_runner.js:113774:14)\n    at wrapped (https://www.youtube.com/__cypress/runner/cypress_runner.js:141133:19)\nFrom Your Spec Code:\n    at Object.proxyGetter [as get] (https://www.youtube.com/__cypress/runner/cypress_runner.js:79924:22)\n    at exists (https://www.youtube.com/__cypress/runner/cypress_runner.js:145988:26)\n    at elExists (https://www.youtube.com/__cypress/runner/cypress_runner.js:146003:10)\n    at ensureExistence (https://www.youtube.com/__cypress/runner/cypress_runner.js:146184:22)\n    at onFailFn (https://www.youtube.com/__cypress/runner/cypress_runner.js:146213:53)",
                "diff": null
              },
              "uuid": "5f1321a2-a685-4786-b7e1-73a6e5444959",
              "parentUUID": "a7e70b17-a290-4bf4-bea0-e4d418952720",
              "isHook": false,
              "skipped": false
            },
            {
              "title": "Filter sort by price High to Low items Chair with AmazonDotCom",
              "fullTitle": "FInal Project Filter sort by price High to Low items Chair with AmazonDotCom",
              "timedOut": null,
              "duration": 0,
              "state": "pending",
              "speed": null,
              "pass": false,
              "fail": false,
              "pending": true,
              "context": null,
              "code": "cy.visit(Cypress.env('BASE_URL_AMAZON'));\ncy.wait(5000);\namazon.searchItems();\ncy.wait(5000);\namazon.sortFeatureItems();\namazon.selectItems();\namazon.assertionPage();",
              "err": {},
              "uuid": "288a4b2b-0694-48d4-8b45-cd87d4f0e9be",
              "parentUUID": "a7e70b17-a290-4bf4-bea0-e4d418952720",
              "isHook": false,
              "skipped": false
            },
            {
              "title": "Order Ticket flight with AgodaDotCom",
              "fullTitle": "FInal Project Order Ticket flight with AgodaDotCom",
              "timedOut": null,
              "duration": 0,
              "state": "pending",
              "speed": null,
              "pass": false,
              "fail": false,
              "pending": true,
              "context": null,
              "code": "// cy.visit(Cypress.env(`BASE_URL_AGODA`));\ncy.visit('https://www.agoda.com/id-id/');\nagoda.tablist();\nagoda.formBooking({});\nagoda.filterData();\ncy.wait(5000);\nagoda.selectFlight();\ncy.wait(2000);\nagoda.contactInformation({});\n// form passenger\nagoda.formPassenger({});\ncy.xpath(`//input[@id=\"flight.forms.i0.units.i0.passportNumber\"]`).click().type('80864446');\ncy.xpath(`//div[@data-testid=\"flight.forms.i0.units.i0.passportCountryOfIssue\"]//button`).click();\ncy.xpath(`//input[@placeholder=\"Cari\"]`).type('Indonesia');\ncy.xpath(`//ul[@role='listbox']`).click();\ncy.xpath(`//input[@data-testid='flight.forms.i0.units.i0.passportExpiryDate-DateInputDataTestId']`).type('20');\ncy.xpath(`//div[@data-testid=\"flight.forms.i0.units.i0.passportExpiryDate-MonthInputDataTestId\"]`).click();\ncy.xpath(`//div[@data-testid=\"floater-container\"]//span[contains(text(),'Januari')]`).click();\ncy.xpath(`//input[@datatestid=\"flight.forms.i0.units.i0.passportExpiryDate-YearInputDataTestId\"]`).type('2026');\ncy.wait(10000);\n// lanjut add on\n// cy.get('[data-testid=\"kite-box\"] > :nth-child(1) > .a5d86-bg-product-primary').click();\ncy.xpath(`//button[@data-component=\"flight-continue-to-addOns-button\"]`).click();\ncy.wait(5000);\n// cy.xpath(`//div[@data-testid=\"add-on-radio-select-TRIP_PROTECTION\"]//div[@tabindex=\"0\"]`).click();\ncy.xpath(`//div[@data-testid=\"radio-button-option-no\"]`).click();\ncy.xpath(`//button[@data-testid=\"continue-to-payment-button\"]`).click();",
              "err": {},
              "uuid": "bb3a6f65-676e-4368-b9c3-88f1b59ab5e0",
              "parentUUID": "a7e70b17-a290-4bf4-bea0-e4d418952720",
              "isHook": false,
              "skipped": false
            }
          ],
          "suites": [],
          "passes": [],
          "failures": [
            "5f1321a2-a685-4786-b7e1-73a6e5444959"
          ],
          "pending": [
            "288a4b2b-0694-48d4-8b45-cd87d4f0e9be",
            "bb3a6f65-676e-4368-b9c3-88f1b59ab5e0"
          ],
          "skipped": [],
          "duration": 22621,
          "root": false,
          "rootEmpty": false,
          "_timeout": 2000
        }
      ],
      "passes": [],
      "failures": [],
      "pending": [],
      "skipped": [],
      "duration": 0,
      "root": true,
      "rootEmpty": true,
      "_timeout": 2000
    }
  ],
  "meta": {
    "mocha": {
      "version": "7.2.0"
    },
    "mochawesome": {
      "options": {
        "quiet": false,
        "reportFilename": "mochawesome",
        "saveHtml": false,
        "saveJson": true,
        "consoleReporter": "spec",
        "useInlineDiffs": false,
        "code": true
      },
      "version": "7.1.3"
    },
    "marge": {
      "options": {
        "reportDir": "cypress/reports",
        "overwrite": false,
        "html": false,
        "json": true
      },
      "version": "6.2.0"
    }
  }
}