{
  "stats": {
    "suites": 1,
    "tests": 1,
    "passes": 0,
    "pending": 4,
    "failures": -3,
    "start": "2025-06-03T08:18:23.061Z",
    "end": "2025-06-03T08:18:23.683Z",
    "duration": 622,
    "testsRegistered": 5,
    "passPercent": 0,
    "pendingPercent": 80,
    "other": 4,
    "hasOther": true,
    "skipped": 0,
    "hasSkipped": false
  },
  "results": [
    {
      "uuid": "70201498-72bb-452d-837f-8be8e2d2be1a",
      "title": "",
      "fullFile": "cypress\\e2e\\e2e-final-project.cy.js",
      "file": "cypress\\e2e\\e2e-final-project.cy.js",
      "beforeHooks": [],
      "afterHooks": [],
      "tests": [],
      "suites": [
        {
          "uuid": "fbe440db-443c-4353-ae0b-cfff69953657",
          "title": "FInal Project",
          "fullFile": "",
          "file": "",
          "beforeHooks": [],
          "afterHooks": [],
          "tests": [
            {
              "title": "search video pada youtube.com",
              "fullTitle": "FInal Project search video pada youtube.com",
              "timedOut": null,
              "duration": 0,
              "state": "pending",
              "speed": null,
              "pass": false,
              "fail": false,
              "pending": true,
              "context": null,
              "code": "// cy.visit('https://www.youtube.com');\ncy.visit(Cypress.env(`BASE_URL1`));\n// klik trending\ncy.get(':nth-child(4) > #items > :nth-child(1) > #endpoint > tp-yt-paper-item.style-scope > .title').click();\n// pilih movies\ncy.get('.yt-tab-shape-wiz__tab--last-tab > .yt-tab-shape-wiz__tab').click();\n// ambil trending yang no 3\ncy.contains('Jalan Pulang - Official Trailer').invoke('text').then(text => {\n  cy.log('Teks yang didapat:', text);\n  // expectTitle= text;\n  // cy.wrap(expectTitle).as(title);\n  cy.wrap(text).as('newTitle');\n});\ncy.contains('Jalan Pulang - Official Trailer').click();\ncy.get('@newTitle').then(title => {\n  // Ambil alias\n  cy.log(title); // Output: 'a'\n  cy.get('[title=\"Jalan Pulang - Official Trailer\"]').should('contain', title);\n});",
              "err": {},
              "uuid": "d0d465e8-0e13-4d33-b229-4a2da26beb90",
              "parentUUID": "fbe440db-443c-4353-ae0b-cfff69953657",
              "isHook": false,
              "skipped": false
            },
            {
              "title": "youtube search",
              "fullTitle": "FInal Project youtube search",
              "timedOut": null,
              "duration": 0,
              "state": "pending",
              "speed": null,
              "pass": false,
              "fail": false,
              "pending": true,
              "context": null,
              "code": "cy.visit(Cypress.env(`BASE_URL_YOUTUBE`));\ncy.xpath(`//a[@id='endpoint'][@title='Trending']`).click();\ncy.xpath(`//yt-tab-shape[@role=\"tab\"][4]`).click();\ncy.wait(5000);\ncy.xpath(`//ytd-video-renderer[@class='style-scope ytd-expanded-shelf-contents-renderer'][3]//a[@id='video-title']`).click();\ncy.xpath(`//div[@id='title'][@class='style-scope ytd-watch-metadata']`).should('be.visible');",
              "err": {},
              "uuid": "3867abe2-bd20-4af1-a5a1-775eebd35132",
              "parentUUID": "fbe440db-443c-4353-ae0b-cfff69953657",
              "isHook": false,
              "skipped": false
            },
            {
              "title": "youtube search",
              "fullTitle": "FInal Project youtube search",
              "timedOut": null,
              "duration": 0,
              "state": "pending",
              "speed": null,
              "pass": false,
              "fail": false,
              "pending": true,
              "context": null,
              "code": "cy.visit(Cypress.env(`BASE_URL_YOUTUBE`));\nyoutube.goToTrending();\nyoutube.listMenuTrendingMovies();\ncy.wait(5000);\nyoutube.goToTrendingMovies();\ncy.xpath(`//div[@id='title'][@class='style-scope ytd-watch-metadata']`).should('be.visible');",
              "err": {},
              "uuid": "42707479-8d44-461b-876d-6a42961924db",
              "parentUUID": "fbe440db-443c-4353-ae0b-cfff69953657",
              "isHook": false,
              "skipped": false
            },
            {
              "title": "Filter sort by price High to Low items Chair with AmazonDotCom",
              "fullTitle": "FInal Project Filter sort by price High to Low items Chair with AmazonDotCom",
              "timedOut": null,
              "duration": 0,
              "state": "pending",
              "speed": null,
              "pass": false,
              "fail": false,
              "pending": true,
              "context": null,
              "code": "cy.visit(Cypress.env('BASE_URL_AMAZON'));\ncy.wait(5000);\ncy.xpath(`//input[@id='twotabsearchtextbox']`).type('chair');\ncy.xpath(`//div[@class='nav-right']//input[@type='submit']`).click();\ncy.wait(5000);\ncy.get('#a-autoid-0-announce').click();\ncy.xpath(`//div[@id='a-popover-2']//li[3]`).click();\ncy.xpath(`//div[@class='s-main-slot s-result-list s-search-results sg-row']//div[@role='listitem'][5]`).click();\ncy.xpath(`//div[@id='titleSection']//span[@id='productTitle']`).should('contain', '        Office Chair Leather Home Desk 360° Rotating Office Chair       ');\ncy.xpath(`//div[@id='corePriceDisplay_desktop_feature_div']//span[@class='a-price-whole']`).should('contain', '39,480');",
              "err": {},
              "uuid": "a89a8bb6-4e70-432e-8c1d-21fc839d7d2a",
              "parentUUID": "fbe440db-443c-4353-ae0b-cfff69953657",
              "isHook": false,
              "skipped": false
            },
            {
              "title": "Order Ticket flight with AgodaDotCom",
              "fullTitle": "FInal Project Order Ticket flight with AgodaDotCom",
              "timedOut": null,
              "duration": 481,
              "state": "failed",
              "speed": null,
              "pass": false,
              "fail": true,
              "pending": false,
              "context": null,
              "code": "cy.visit(Cypress.env(`BASE_URL_AGODA`));\nagoda.tablist();\nagoda.formBooking();\n//cy.xpath(`//div[@data-selenium='date-selector-title']`).click();\n// cy.get('#flight-departure > .Box-sc-kv6pi1-0').click();\ncy.get('#flight-departure > .Box-sc-kv6pi1-0 > .IconBox__child > .SearchBoxTextDescription > .SearchBoxTextDescription__title').click();\ncy.wait(2000);\ncy.xpath(`//div[@class='PriceSurgePicker-Day PriceSurgePicker-Day__Wide selected checkIn startDateOnly']`).click();\ncy.xpath(`//button[@data-selenium=\"searchButton\"]`).click();\n// filter pilih maskapai\ncy.contains('Tampilkan semua 20 maskapai').click();\ncy.xpath(`//div[@data-component='flight-filter-item-airline']//label[@data-element-value='Malaysia Airlines']//input[@type='checkbox']`).check();\n// pilih maskapai yang awal banget\n// cy.xpath(`//div[@data-testid=\"flight-infinite-scroll\"]//div[@class='GridItem__GridItemStyled-sc-3btv1u-0 fXrNCt'][1]`).click();\n// cy.xpath(`//button[@data-component=\"flight-card-bookButton\"]`).click();\n// form user booking\n// cy.xpath(`//input[@id='contact.contactFirstName']`).type('Ismi');\n// cy.xpath(`//input[@id='contact.contactLastName']`).type('Azis');\n// cy.xpath(`//input[@id='contact.contactEmail']`).type('ismiazis@mail.com');\n// cy.xpath(`//input[@id='contact.contactPhoneNumber']`).type('88811112323');\n// cy.xpath(`//div[@data-testid='flight.forms.i0.units.i0.passengerGender']//label[@data-testid='0']`).check();\n// penumpang 1\n// cy.xpath(`//input[@id='flight.forms.i0.units.i0.passengerFirstName']`).type('mahira ismi');\n// cy.xpath(`//input[@id='flight.forms.i0.units.i0.passengerLastName']`).type('azis');",
              "err": {
                "message": "ReferenceError: agoda is not defined",
                "estack": "ReferenceError: agoda is not defined\n    at Context.eval (webpack://Automation-final-project/./cypress/e2e/e2e-final-project.cy.js:64:8)\n    at runnable.fn (http://localhost:62954/__cypress/runner/cypress_runner.js:141400:19)\n    at callFn (http://localhost:62954/__cypress/runner/cypress_runner.js:160478:21)\n    at Runnable.run (http://localhost:62954/__cypress/runner/cypress_runner.js:160465:7)\n    at <unknown> (http://localhost:62954/__cypress/runner/cypress_runner.js:166537:30)\n    at PassThroughHandlerContext.finallyHandler (http://localhost:62954/__cypress/runner/cypress_runner.js:4042:23)\n    at PassThroughHandlerContext.tryCatcher (http://localhost:62954/__cypress/runner/cypress_runner.js:1777:23)\n    at Promise._settlePromiseFromHandler (http://localhost:62954/__cypress/runner/cypress_runner.js:1489:31)\n    at Promise._settlePromise (http://localhost:62954/__cypress/runner/cypress_runner.js:1546:18)",
                "diff": null
              },
              "uuid": "71161e60-2c1c-4800-82e3-409780940788",
              "parentUUID": "fbe440db-443c-4353-ae0b-cfff69953657",
              "isHook": false,
              "skipped": false
            }
          ],
          "suites": [],
          "passes": [],
          "failures": [
            "71161e60-2c1c-4800-82e3-409780940788"
          ],
          "pending": [
            "d0d465e8-0e13-4d33-b229-4a2da26beb90",
            "3867abe2-bd20-4af1-a5a1-775eebd35132",
            "42707479-8d44-461b-876d-6a42961924db",
            "a89a8bb6-4e70-432e-8c1d-21fc839d7d2a"
          ],
          "skipped": [],
          "duration": 481,
          "root": false,
          "rootEmpty": false,
          "_timeout": 2000
        }
      ],
      "passes": [],
      "failures": [],
      "pending": [],
      "skipped": [],
      "duration": 0,
      "root": true,
      "rootEmpty": true,
      "_timeout": 2000
    }
  ],
  "meta": {
    "mocha": {
      "version": "7.2.0"
    },
    "mochawesome": {
      "options": {
        "quiet": false,
        "reportFilename": "mochawesome",
        "saveHtml": false,
        "saveJson": true,
        "consoleReporter": "spec",
        "useInlineDiffs": false,
        "code": true
      },
      "version": "7.1.3"
    },
    "marge": {
      "options": {
        "reportDir": "cypress/reports",
        "overwrite": false,
        "html": false,
        "json": true
      },
      "version": "6.2.0"
    }
  }
}