{
  "stats": {
    "suites": 1,
    "tests": 3,
    "passes": 2,
    "pending": 0,
    "failures": 1,
    "start": "2025-06-04T08:21:29.950Z",
    "end": "2025-06-04T08:24:42.487Z",
    "duration": 192537,
    "testsRegistered": 3,
    "passPercent": 66.66666666666666,
    "pendingPercent": 0,
    "other": 0,
    "hasOther": false,
    "skipped": 0,
    "hasSkipped": false
  },
  "results": [
    {
      "uuid": "dd063730-61ba-4d97-89af-2147e4ceff82",
      "title": "",
      "fullFile": "cypress\\e2e\\e2e-final-revamp.cy.js",
      "file": "cypress\\e2e\\e2e-final-revamp.cy.js",
      "beforeHooks": [],
      "afterHooks": [],
      "tests": [],
      "suites": [
        {
          "uuid": "257a5d1f-db64-4612-ace6-ba14a1a48d6f",
          "title": "FInal Project",
          "fullFile": "",
          "file": "",
          "beforeHooks": [],
          "afterHooks": [],
          "tests": [
            {
              "title": "youtube search",
              "fullTitle": "FInal Project youtube search",
              "timedOut": null,
              "duration": 23153,
              "state": "passed",
              "speed": "slow",
              "pass": true,
              "fail": false,
              "pending": false,
              "context": null,
              "code": "cy.visit(Cypress.env(`BASE_URL_YOUTUBE`));\nyoutube.goToTrending();\nyoutube.listMenuTrendingMovies();\ncy.wait(5000);\nyoutube.goToTrendingMovies();\nyoutube.assertionPage();",
              "err": {},
              "uuid": "bfd5927f-9e36-44d0-93bd-c36cada0519f",
              "parentUUID": "257a5d1f-db64-4612-ace6-ba14a1a48d6f",
              "isHook": false,
              "skipped": false
            },
            {
              "title": "Filter sort by price High to Low items Chair with AmazonDotCom",
              "fullTitle": "FInal Project Filter sort by price High to Low items Chair with AmazonDotCom",
              "timedOut": null,
              "duration": 32923,
              "state": "passed",
              "speed": "slow",
              "pass": true,
              "fail": false,
              "pending": false,
              "context": null,
              "code": "cy.visit(Cypress.env('BASE_URL_AMAZON'));\ncy.wait(5000);\namazon.searchItems();\ncy.wait(5000);\namazon.sortFeatureItems();\namazon.selectItems();\namazon.assertionPage();",
              "err": {},
              "uuid": "181b2f87-23f4-4a13-84a1-059cb2991643",
              "parentUUID": "257a5d1f-db64-4612-ace6-ba14a1a48d6f",
              "isHook": false,
              "skipped": false
            },
            {
              "title": "Order Ticket flight with AgodaDotCom",
              "fullTitle": "FInal Project Order Ticket flight with AgodaDotCom",
              "timedOut": null,
              "duration": 120500,
              "state": "failed",
              "speed": null,
              "pass": false,
              "fail": true,
              "pending": false,
              "context": null,
              "code": "cy.visit('https://www.agoda.com/id-id/');\nagoda.tablist();\nagoda.formBooking({});\nagoda.filterData();\ncy.wait(5000);\nagoda.selectFlight();\ncy.wait(2000);\nagoda.contactInformation({});\n// form passenger\nagoda.formPassenger({});\n// agoda.formPassport({});\ncy.wait(10000);\n// lanjut add on\nagoda.addOn();\ncy.wait(10000);\nagoda.pagePaymentAssertion();",
              "err": {
                "message": "AssertionError: Timed out retrying after 10000ms: Expected to find element: `//button[@aria-label=\"close\"]`, but never found it.",
                "estack": "AssertionError: Timed out retrying after 10000ms: Expected to find element: `//button[@aria-label=\"close\"]`, but never found it.\n    at orderTicket.addOn (webpack://Automation-final-project/./cypress/support/page-object/agoda/orderTicketsPage.js:112:11)\n    at Context.eval (webpack://Automation-final-project/./cypress/e2e/e2e-final-revamp.cy.js:47:14)",
                "diff": null
              },
              "uuid": "6c63acf4-97ec-47ef-9818-58fbde783200",
              "parentUUID": "257a5d1f-db64-4612-ace6-ba14a1a48d6f",
              "isHook": false,
              "skipped": false
            }
          ],
          "suites": [],
          "passes": [
            "bfd5927f-9e36-44d0-93bd-c36cada0519f",
            "181b2f87-23f4-4a13-84a1-059cb2991643"
          ],
          "failures": [
            "6c63acf4-97ec-47ef-9818-58fbde783200"
          ],
          "pending": [],
          "skipped": [],
          "duration": 176576,
          "root": false,
          "rootEmpty": false,
          "_timeout": 2000
        }
      ],
      "passes": [],
      "failures": [],
      "pending": [],
      "skipped": [],
      "duration": 0,
      "root": true,
      "rootEmpty": true,
      "_timeout": 2000
    }
  ],
  "meta": {
    "mocha": {
      "version": "7.2.0"
    },
    "mochawesome": {
      "options": {
        "quiet": false,
        "reportFilename": "mochawesome",
        "saveHtml": true,
        "saveJson": true,
        "consoleReporter": "spec",
        "useInlineDiffs": false,
        "code": true
      },
      "version": "7.1.3"
    },
    "marge": {
      "options": {
        "reportDir": "cypress/reports"
      },
      "version": "6.2.0"
    }
  }
}