{
  "stats": {
    "suites": 1,
    "tests": 3,
    "passes": 2,
    "pending": 0,
    "failures": 1,
    "start": "2025-06-04T23:02:40.983Z",
    "end": "2025-06-04T23:05:21.586Z",
    "duration": 160603,
    "testsRegistered": 3,
    "passPercent": 66.66666666666666,
    "pendingPercent": 0,
    "other": 0,
    "hasOther": false,
    "skipped": 0,
    "hasSkipped": false
  },
  "results": [
    {
      "uuid": "2515484f-bba7-463a-89fb-2bd8466ba587",
      "title": "",
      "fullFile": "cypress\\e2e\\e2e-final-revamp.cy.js",
      "file": "cypress\\e2e\\e2e-final-revamp.cy.js",
      "beforeHooks": [],
      "afterHooks": [],
      "tests": [],
      "suites": [
        {
          "uuid": "68d368b0-7e95-4ab4-8b20-7ea710f7c07a",
          "title": "FInal Project",
          "fullFile": "",
          "file": "",
          "beforeHooks": [],
          "afterHooks": [],
          "tests": [
            {
              "title": "youtube search Trending",
              "fullTitle": "FInal Project youtube search Trending",
              "timedOut": null,
              "duration": 28768,
              "state": "passed",
              "speed": "slow",
              "pass": true,
              "fail": false,
              "pending": false,
              "context": null,
              "code": "cy.visit(Cypress.env(`BASE_URL_YOUTUBE`));\nyoutube.goToTrending();\nyoutube.listMenuTrendingMovies();\ncy.wait(5000);\nyoutube.goToTrendingMovies();\nyoutube.assertionPage();",
              "err": {},
              "uuid": "17c2876c-6f09-43d5-9ce4-ead224e8df1c",
              "parentUUID": "68d368b0-7e95-4ab4-8b20-7ea710f7c07a",
              "isHook": false,
              "skipped": false
            },
            {
              "title": "Filter sort by price High to Low items Chair with AmazonDotCom",
              "fullTitle": "FInal Project Filter sort by price High to Low items Chair with AmazonDotCom",
              "timedOut": null,
              "duration": 48404,
              "state": "passed",
              "speed": "slow",
              "pass": true,
              "fail": false,
              "pending": false,
              "context": null,
              "code": "cy.visit(Cypress.env('BASE_URL_AMAZON'));\ncy.wait(5000);\namazon.searchItems();\ncy.wait(5000);\namazon.sortFeatureItems();\namazon.selectItems();\namazon.assertionPage();",
              "err": {},
              "uuid": "61252a71-7a42-44c4-887a-c5a28682180a",
              "parentUUID": "68d368b0-7e95-4ab4-8b20-7ea710f7c07a",
              "isHook": false,
              "skipped": false
            },
            {
              "title": "Order Ticket flight with AgodaDotCom",
              "fullTitle": "FInal Project Order Ticket flight with AgodaDotCom",
              "timedOut": null,
              "duration": 68418,
              "state": "failed",
              "speed": null,
              "pass": false,
              "fail": true,
              "pending": false,
              "context": null,
              "code": "cy.visit('https://www.agoda.com/id-id/');\nagoda.tablist();\nagoda.formBooking({});\nagoda.filterData();\ncy.wait(5000);\nagoda.selectFlight();\ncy.wait(2000);\nagoda.contactInformation({});\n// form passenger\nagoda.formPassenger({});\ncy.get(\"body\").then($body => {\n  if ($body.find('input[data-testid=\"flight.forms.i0.units.i0.passportNumber\"]').length > 0) {\n    agoda.formPassport({});\n  } else {\n    cy.log('Skip aja form passport');\n  }\n});\ncy.wait(10000);\n// lanjut add on\nagoda.addOn();\ncy.wait(10000);\nagoda.pagePaymentAssertion();",
              "err": {
                "message": "AssertionError: Timed out retrying after 10000ms: Expected to find element: `//div[@class='AutocompleteSearch NewDesign'][1]`, but never found it.",
                "estack": "AssertionError: Timed out retrying after 10000ms: Expected to find element: `//div[@class='AutocompleteSearch NewDesign'][1]`, but never found it.\n    at orderTicket.formBooking (webpack://Automation-final-project/./cypress/support/page-object/agoda/orderTicketsPage.js:12:11)\n    at Context.eval (webpack://Automation-final-project/./cypress/e2e/e2e-final-revamp.cy.js:36:14)",
                "diff": null
              },
              "uuid": "393cc740-7cb0-43a2-941a-8798b5cfc6ef",
              "parentUUID": "68d368b0-7e95-4ab4-8b20-7ea710f7c07a",
              "isHook": false,
              "skipped": false
            }
          ],
          "suites": [],
          "passes": [
            "17c2876c-6f09-43d5-9ce4-ead224e8df1c",
            "61252a71-7a42-44c4-887a-c5a28682180a"
          ],
          "failures": [
            "393cc740-7cb0-43a2-941a-8798b5cfc6ef"
          ],
          "pending": [],
          "skipped": [],
          "duration": 145590,
          "root": false,
          "rootEmpty": false,
          "_timeout": 2000
        }
      ],
      "passes": [],
      "failures": [],
      "pending": [],
      "skipped": [],
      "duration": 0,
      "root": true,
      "rootEmpty": true,
      "_timeout": 2000
    }
  ],
  "meta": {
    "mocha": {
      "version": "7.2.0"
    },
    "mochawesome": {
      "options": {
        "quiet": false,
        "reportFilename": "mochawesome",
        "saveHtml": true,
        "saveJson": true,
        "consoleReporter": "spec",
        "useInlineDiffs": false,
        "code": true
      },
      "version": "7.1.3"
    },
    "marge": {
      "options": {
        "reportDir": "cypress/reports"
      },
      "version": "6.2.0"
    }
  }
}