{
  "stats": {
    "suites": 1,
    "tests": 3,
    "passes": 1,
    "pending": 1,
    "failures": 1,
    "start": "2025-06-04T03:55:23.705Z",
    "end": "2025-06-04T03:59:04.744Z",
    "duration": 221039,
    "testsRegistered": 3,
    "passPercent": 50,
    "pendingPercent": 33.33333333333333,
    "other": 0,
    "hasOther": false,
    "skipped": 0,
    "hasSkipped": false
  },
  "results": [
    {
      "uuid": "29d5c672-3a96-494a-8ee9-be4ac8cab53e",
      "title": "",
      "fullFile": "cypress\\e2e\\e2e-final-revamp.cy.js",
      "file": "cypress\\e2e\\e2e-final-revamp.cy.js",
      "beforeHooks": [],
      "afterHooks": [],
      "tests": [],
      "suites": [
        {
          "uuid": "0d834b28-7ee5-49ba-a57b-6c385d8945f6",
          "title": "FInal Project",
          "fullFile": "",
          "file": "",
          "beforeHooks": [],
          "afterHooks": [],
          "tests": [
            {
              "title": "youtube search",
              "fullTitle": "FInal Project youtube search",
              "timedOut": null,
              "duration": 60536,
              "state": "failed",
              "speed": null,
              "pass": false,
              "fail": true,
              "pending": false,
              "context": null,
              "code": "cy.visit(Cypress.env(`BASE_URL_YOUTUBE`));\nyoutube.goToTrending();\nyoutube.listMenuTrendingMovies();\ncy.wait(5000);\nyoutube.goToTrendingMovies();\nyoutube.assertionPage();",
              "err": {
                "message": "CypressError: Timed out after waiting `60000ms` for your remote page to load.\n\nYour page did not fire its `load` event within `60000ms`.\n\nYou can try increasing the `pageLoadTimeout` value in `cypress.config.js` to wait longer.\n\nBrowsers will not fire the `load` event until all stylesheets and scripts are done downloading.\n\nWhen this `load` event occurs, Cypress will continue running commands.",
                "estack": "CypressError: Timed out after waiting `60000ms` for your remote page to load.\n\nYour page did not fire its `load` event within `60000ms`.\n\nYou can try increasing the `pageLoadTimeout` value in `cypress.config.js` to wait longer.\n\nBrowsers will not fire the `load` event until all stylesheets and scripts are done downloading.\n\nWhen this `load` event occurs, Cypress will continue running commands.\n    at timedOutWaitingForPageLoad (https://www.youtube.com/__cypress/runner/cypress_runner.js:133709:64)\n    at <unknown> (https://www.youtube.com/__cypress/runner/cypress_runner.js:134703:16)\n    at tryCatcher (https://www.youtube.com/__cypress/runner/cypress_runner.js:1777:23)\n    at <unknown> (https://www.youtube.com/__cypress/runner/cypress_runner.js:4156:41)\n    at tryCatcher (https://www.youtube.com/__cypress/runner/cypress_runner.js:1777:23)\n    at Promise._settlePromiseFromHandler (https://www.youtube.com/__cypress/runner/cypress_runner.js:1489:31)\n    at Promise._settlePromise (https://www.youtube.com/__cypress/runner/cypress_runner.js:1546:18)\n    at Promise._settlePromise0 (https://www.youtube.com/__cypress/runner/cypress_runner.js:1591:10)\n    at Promise._settlePromises (https://www.youtube.com/__cypress/runner/cypress_runner.js:1667:18)\n    at _drainQueueStep (https://www.youtube.com/__cypress/runner/cypress_runner.js:2377:12)\n    at _drainQueue (https://www.youtube.com/__cypress/runner/cypress_runner.js:2370:9)\n    at Async._drainQueues (https://www.youtube.com/__cypress/runner/cypress_runner.js:2386:5)\n    at Async.drainQueues (https://www.youtube.com/__cypress/runner/cypress_runner.js:2256:14)\nFrom Your Spec Code:\n    at Context.eval (webpack://Automation-final-project/./cypress/e2e/e2e-final-revamp.cy.js:14:11)",
                "diff": null
              },
              "uuid": "2130aa56-53d3-444b-8c69-0954cfa2c317",
              "parentUUID": "0d834b28-7ee5-49ba-a57b-6c385d8945f6",
              "isHook": false,
              "skipped": false
            },
            {
              "title": "Filter sort by price High to Low items Chair with AmazonDotCom",
              "fullTitle": "FInal Project Filter sort by price High to Low items Chair with AmazonDotCom",
              "timedOut": null,
              "duration": 80307,
              "state": "passed",
              "speed": "slow",
              "pass": true,
              "fail": false,
              "pending": false,
              "context": null,
              "code": "cy.visit(Cypress.env('BASE_URL_AMAZON'));\ncy.wait(5000);\namazon.searchItems();\ncy.wait(5000);\namazon.sortFeatureItems();\namazon.selectItems();\namazon.assertionPage();",
              "err": {},
              "uuid": "974e3c45-5a1b-4b30-88d9-3b396ff6bb42",
              "parentUUID": "0d834b28-7ee5-49ba-a57b-6c385d8945f6",
              "isHook": false,
              "skipped": false
            },
            {
              "title": "Order Ticket flight with AgodaDotCom",
              "fullTitle": "FInal Project Order Ticket flight with AgodaDotCom",
              "timedOut": null,
              "duration": 0,
              "state": "pending",
              "speed": null,
              "pass": false,
              "fail": false,
              "pending": true,
              "context": null,
              "code": "// cy.visit(Cypress.env(`BASE_URL_AGODA`));\ncy.visit('https://www.agoda.com/id-id/');\nagoda.tablist();\nagoda.formBooking({});\nagoda.filterData();\ncy.wait(5000);\nagoda.selectFlight();\ncy.wait(2000);\nagoda.contactInformation({});\n// form passenger\nagoda.formPassenger({});\ncy.xpath(`//input[@id=\"flight.forms.i0.units.i0.passportNumber\"]`).click().type('80864446');\ncy.xpath(`//div[@data-testid=\"flight.forms.i0.units.i0.passportCountryOfIssue\"]//button`).click();\ncy.xpath(`//input[@placeholder=\"Cari\"]`).type('Indonesia');\ncy.xpath(`//ul[@role='listbox']`).click();\ncy.xpath(`//input[@data-testid='flight.forms.i0.units.i0.passportExpiryDate-DateInputDataTestId']`).type('20');\ncy.xpath(`//div[@data-testid=\"flight.forms.i0.units.i0.passportExpiryDate-MonthInputDataTestId\"]`).click();\ncy.xpath(`//div[@data-testid=\"floater-container\"]//span[contains(text(),'Januari')]`).click();\ncy.xpath(`//input[@datatestid=\"flight.forms.i0.units.i0.passportExpiryDate-YearInputDataTestId\"]`).type('2026');\ncy.wait(10000);\n// lanjut add on\n// cy.get('[data-testid=\"kite-box\"] > :nth-child(1) > .a5d86-bg-product-primary').click();\ncy.xpath(`//button[@data-component=\"flight-continue-to-addOns-button\"]`).click();\ncy.wait(5000);\n// cy.xpath(`//div[@data-testid=\"add-on-radio-select-TRIP_PROTECTION\"]//div[@tabindex=\"0\"]`).click();\ncy.xpath(`//div[@data-testid=\"radio-button-option-no\"]`).click();\ncy.xpath(`//button[@data-testid=\"continue-to-payment-button\"]`).click();",
              "err": {},
              "uuid": "c53f7764-5bef-4b76-9dbd-213cb38ed1c9",
              "parentUUID": "0d834b28-7ee5-49ba-a57b-6c385d8945f6",
              "isHook": false,
              "skipped": false
            }
          ],
          "suites": [],
          "passes": [
            "974e3c45-5a1b-4b30-88d9-3b396ff6bb42"
          ],
          "failures": [
            "2130aa56-53d3-444b-8c69-0954cfa2c317"
          ],
          "pending": [
            "c53f7764-5bef-4b76-9dbd-213cb38ed1c9"
          ],
          "skipped": [],
          "duration": 140843,
          "root": false,
          "rootEmpty": false,
          "_timeout": 2000
        }
      ],
      "passes": [],
      "failures": [],
      "pending": [],
      "skipped": [],
      "duration": 0,
      "root": true,
      "rootEmpty": true,
      "_timeout": 2000
    }
  ],
  "meta": {
    "mocha": {
      "version": "7.2.0"
    },
    "mochawesome": {
      "options": {
        "quiet": false,
        "reportFilename": "mochawesome",
        "saveHtml": false,
        "saveJson": true,
        "consoleReporter": "spec",
        "useInlineDiffs": false,
        "code": true
      },
      "version": "7.1.3"
    },
    "marge": {
      "options": {
        "reportDir": "cypress/reports",
        "overwrite": false,
        "html": false,
        "json": true
      },
      "version": "6.2.0"
    }
  }
}